  3.cpp
e:\liyang\剑指offer牛课\字节跳动0712\3.cpp(12): error C2087: “isTest”: 缺少下标
e:\liyang\剑指offer牛课\字节跳动0712\3.cpp(12): error C2144: 语法错误:“int”的前面应有“;”
